<testExecutions version="1">
  <file path="src/App.test.tsx">
    <testCase name="App Component - renders without crashing" duration="11" />
    <testCase name="App Component - renders the main heading" duration="7" />
  </file>
</testExecutions>